2026-02-18 10:58:23,449 - src.main - INFO - AI Kiosk initialized
2026-02-18 10:58:23,449 - src.main - INFO - Initializing AI Kiosk components...
2026-02-18 10:58:24,058 - src.tts.engine - INFO - Found suitable voice: Леся (com.apple.voice.compact.uk-UA.Lesya)
2026-02-18 10:58:24,058 - src.tts.engine - INFO - TTS Engine initialized with voice: ukrainian
2026-02-18 10:58:24,730 - src.stt.engine - INFO - Calibrating microphone for ambient noise...
2026-02-18 10:58:25,849 - src.stt.engine - INFO - STT Engine initialized with google, language: uk-UA
2026-02-18 10:58:25,850 - src.nlp.processor - INFO - NLP Processor initialized with 4 menu items and 4 QA items
2026-02-18 10:58:25,850 - src.main - INFO - All components initialized successfully
2026-02-18 10:58:25,850 - src.main - INFO - AI Kiosk started - listening for voice input
2026-02-18 10:58:25,850 - src.tts.engine - INFO - Speaking (blocking): Ласкаво просимо до ресторану Каркандакі. Чим я мож...
2026-02-18 10:58:36,619 - src.stt.engine - INFO - Recognized: що у вас є їсти
2026-02-18 10:58:36,620 - src.main - INFO - Processing: що у вас є їсти
2026-02-18 10:58:36,620 - src.nlp.processor - INFO - Processing query: що у вас є їсти
2026-02-18 10:58:36,620 - src.nlp.processor - INFO - No match found for: що у вас є їсти
2026-02-18 10:58:36,620 - src.tts.engine - INFO - Speaking: I don't know, ask operator...
2026-02-18 10:58:41,278 - src.stt.engine - INFO - Recognized: Ok Google
2026-02-18 10:58:41,278 - src.main - INFO - Processing: Ok Google
2026-02-18 10:58:41,278 - src.nlp.processor - INFO - Processing query: Ok Google
2026-02-18 10:58:41,279 - src.nlp.processor - INFO - No match found for: Ok Google
2026-02-18 10:58:41,279 - src.tts.engine - INFO - Speaking: I don't know, ask operator...
2026-02-18 10:58:49,060 - src.stt.engine - INFO - Recognized: що у вас є їсти
2026-02-18 10:58:49,061 - src.main - INFO - Processing: що у вас є їсти
2026-02-18 10:58:49,061 - src.nlp.processor - INFO - Processing query: що у вас є їсти
2026-02-18 10:58:49,061 - src.nlp.processor - INFO - No match found for: що у вас є їсти
2026-02-18 10:58:49,061 - src.tts.engine - INFO - Speaking: I don't know, ask operator...
2026-02-18 10:59:03,806 - src.stt.engine - INFO - Recognized: українською
2026-02-18 10:59:03,807 - src.main - INFO - Processing: українською
2026-02-18 10:59:03,807 - src.nlp.processor - INFO - Processing query: українською
2026-02-18 10:59:03,807 - src.tts.engine - INFO - Speaking: Хачапурі по-аджарськи. Лодочка з сиром та яйцем Ці...
2026-02-18 10:59:13,022 - src.stt.engine - INFO - Recognized: ладошка з сиром та яйцем
2026-02-18 10:59:13,023 - src.main - INFO - Processing: ладошка з сиром та яйцем
2026-02-18 10:59:13,023 - src.nlp.processor - INFO - Processing query: ладошка з сиром та яйцем
2026-02-18 10:59:13,023 - src.tts.engine - INFO - Speaking: Хачапурі по-аджарськи. Лодочка з сиром та яйцем Ці...
2026-02-18 10:59:22,517 - src.stt.engine - INFO - Recognized: ладошка з сиром та яйцем ціна 180 грн ва
2026-02-18 10:59:22,517 - src.main - INFO - Processing: ладошка з сиром та яйцем ціна 180 грн ва
2026-02-18 10:59:22,517 - src.nlp.processor - INFO - Processing query: ладошка з сиром та яйцем ціна 180 грн ва
2026-02-18 10:59:22,518 - src.nlp.processor - INFO - No match found for: ладошка з сиром та яйцем ціна 180 грн ва
2026-02-18 10:59:22,518 - src.tts.engine - INFO - Speaking: I don't know, ask operator...
2026-02-18 10:59:31,637 - src.main - INFO - Received shutdown signal
2026-02-18 10:59:32,552 - src.tts.engine - INFO - TTS engine stopped
2026-02-18 10:59:32,552 - src.main - INFO - AI Kiosk stopped
2026-02-18 10:59:32,561 - src.tts.engine - INFO - TTS engine stopped
2026-02-18 11:02:12,039 - src.main - INFO - AI Kiosk initialized
2026-02-18 11:02:12,040 - src.main - INFO - Initializing AI Kiosk components...
2026-02-18 11:02:12,666 - src.tts.engine - INFO - Found suitable voice: Леся (com.apple.voice.compact.uk-UA.Lesya)
2026-02-18 11:02:12,667 - src.tts.engine - INFO - TTS Engine initialized with voice: ukrainian
2026-02-18 11:02:13,346 - src.stt.engine - INFO - Calibrating microphone for ambient noise...
2026-02-18 11:02:14,467 - src.stt.engine - INFO - STT Engine initialized with google, language: pl-PL
2026-02-18 11:02:14,467 - src.nlp.processor - INFO - NLP Processor initialized with 4 menu items and 4 QA items
2026-02-18 11:02:14,467 - src.main - INFO - All components initialized successfully
2026-02-18 11:02:14,467 - src.main - INFO - AI Kiosk started - listening for voice input
2026-02-18 11:02:14,467 - src.tts.engine - INFO - Speaking (blocking): Ласкаво просимо до ресторану Каркандакі. Чим я мож...
2026-02-18 11:02:24,922 - src.stt.engine - INFO - Recognized: kiełbas menu
2026-02-18 11:02:24,923 - src.main - INFO - Processing: kiełbas menu
2026-02-18 11:02:24,923 - src.nlp.processor - INFO - Processing query: kiełbas menu
2026-02-18 11:02:24,924 - src.nlp.processor - INFO - No match found for: kiełbas menu
2026-02-18 11:02:24,924 - src.tts.engine - INFO - Speaking: I don't know, ask operator...
2026-02-18 11:02:32,827 - src.stt.engine - INFO - Recognized: How are you
2026-02-18 11:02:32,827 - src.main - INFO - Processing: How are you
2026-02-18 11:02:32,827 - src.nlp.processor - INFO - Processing query: How are you
2026-02-18 11:02:32,828 - src.nlp.processor - INFO - No match found for: How are you
2026-02-18 11:02:32,828 - src.tts.engine - INFO - Speaking: I don't know, ask operator...
2026-02-18 11:02:40,487 - src.stt.engine - INFO - Recognized: cześć
2026-02-18 11:02:40,488 - src.main - INFO - Processing: cześć
2026-02-18 11:02:40,488 - src.nlp.processor - INFO - Processing query: cześć
2026-02-18 11:02:40,488 - src.nlp.processor - INFO - No match found for: cześć
2026-02-18 11:02:40,488 - src.tts.engine - INFO - Speaking: I don't know, ask operator...
2026-02-18 11:02:47,755 - src.stt.engine - INFO - Recognized: cześć cześć
2026-02-18 11:02:47,756 - src.main - INFO - Processing: cześć cześć
2026-02-18 11:02:47,756 - src.nlp.processor - INFO - Processing query: cześć cześć
2026-02-18 11:02:47,756 - src.nlp.processor - INFO - No match found for: cześć cześć
2026-02-18 11:02:47,756 - src.tts.engine - INFO - Speaking: I don't know, ask operator...
2026-02-18 11:02:54,005 - src.stt.engine - INFO - Recognized: jedzenie
2026-02-18 11:02:54,006 - src.main - INFO - Processing: jedzenie
2026-02-18 11:02:54,006 - src.nlp.processor - INFO - Processing query: jedzenie
2026-02-18 11:02:54,006 - src.nlp.processor - INFO - No match found for: jedzenie
2026-02-18 11:02:54,006 - src.tts.engine - INFO - Speaking: I don't know, ask operator...
2026-02-18 11:03:03,304 - src.stt.engine - INFO - Recognized: How are you
2026-02-18 11:03:03,304 - src.main - INFO - Processing: How are you
2026-02-18 11:03:03,304 - src.nlp.processor - INFO - Processing query: How are you
2026-02-18 11:03:03,305 - src.nlp.processor - INFO - No match found for: How are you
2026-02-18 11:03:03,305 - src.tts.engine - INFO - Speaking: I don't know, ask operator...
2026-02-18 11:03:15,591 - src.main - INFO - Received shutdown signal
2026-02-18 11:03:16,349 - src.tts.engine - INFO - TTS engine stopped
2026-02-18 11:03:16,349 - src.main - INFO - AI Kiosk stopped
2026-02-18 11:03:16,359 - src.tts.engine - INFO - TTS engine stopped
2026-02-18 11:21:59,266 - src.main - INFO - AI Kiosk initialized
2026-02-18 11:21:59,266 - src.main - INFO - Initializing AI Kiosk components...
2026-02-18 11:22:40,496 - src.main - INFO - AI Kiosk initialized
2026-02-18 11:22:40,496 - src.main - INFO - Initializing AI Kiosk components...
2026-02-18 11:22:41,097 - src.tts.engine - INFO - Found Polish voice: Zosia
2026-02-18 11:22:41,098 - src.tts.engine - INFO - Selected voice: Zosia
2026-02-18 11:22:41,098 - src.tts.engine - INFO - TTS Engine initialized with rate: 200
2026-02-18 11:22:41,738 - src.stt.engine - INFO - Calibrating microphone for ambient noise...
2026-02-18 11:22:42,856 - src.stt.engine - INFO - STT Engine initialized with google, language: pl-PL
2026-02-18 11:22:42,857 - src.nlp.processor - INFO - NLP Processor initialized with 4 menu items and 4 QA items
2026-02-18 11:22:42,857 - src.main - INFO - All components initialized successfully
2026-02-18 11:22:42,857 - src.main - INFO - AI Kiosk started - listening for voice input
2026-02-18 11:22:42,857 - src.tts.engine - INFO - Speaking (blocking): Ласкаво просимо до ресторану Каркандакі. Чим я мож...
2026-02-18 11:22:45,759 - src.stt.engine - INFO - Recognized: kropka
2026-02-18 11:22:45,760 - src.main - INFO - Processing: kropka
2026-02-18 11:22:45,760 - src.nlp.processor - INFO - Processing query: kropka
2026-02-18 11:22:45,760 - src.nlp.processor - INFO - No match found for: kropka
2026-02-18 11:22:45,760 - src.tts.engine - INFO - Speaking: I don't know, ask operator...
2026-02-18 11:22:59,593 - src.stt.engine - INFO - Recognized: raz dwa
2026-02-18 11:22:59,594 - src.main - INFO - Processing: raz dwa
2026-02-18 11:22:59,594 - src.nlp.processor - INFO - Processing query: raz dwa
2026-02-18 11:22:59,595 - src.nlp.processor - INFO - No match found for: raz dwa
2026-02-18 11:22:59,595 - src.tts.engine - INFO - Speaking: I don't know, ask operator...
2026-02-18 11:23:28,036 - src.stt.engine - INFO - Recognized: kiosk
2026-02-18 11:23:28,037 - src.main - INFO - Processing: kiosk
2026-02-18 11:23:28,037 - src.nlp.processor - INFO - Processing query: kiosk
2026-02-18 11:23:28,037 - src.nlp.processor - INFO - No match found for: kiosk
2026-02-18 11:23:28,037 - src.tts.engine - INFO - Speaking: I don't know, ask operator...
2026-02-18 11:26:51,899 - src.main - INFO - AI Kiosk initialized
2026-02-18 11:33:49,404 - __main__ - INFO - AI Kiosk initialized
2026-02-18 11:33:49,404 - __main__ - INFO - Initializing AI Kiosk components...
2026-02-18 11:33:50,002 - src.tts.engine - INFO - Found Polish voice: Zosia
2026-02-18 11:33:50,002 - src.tts.engine - INFO - Selected voice: Zosia
2026-02-18 11:33:50,003 - src.tts.engine - INFO - TTS Engine initialized with rate: 200
2026-02-18 11:33:50,674 - src.stt.engine - INFO - Calibrating microphone for ambient noise...
2026-02-18 11:33:51,796 - src.stt.engine - INFO - STT Engine initialized with google, language: pl-PL
2026-02-18 11:33:51,796 - src.nlp.processor - INFO - NLP Processor initialized with 4 menu items and 4 QA items
2026-02-18 11:33:51,797 - __main__ - INFO - All components initialized successfully
2026-02-18 11:33:51,797 - __main__ - INFO - AI Kiosk started - listening for voice input
2026-02-18 11:33:51,797 - src.tts.engine - INFO - Speaking (blocking): Ласкаво просимо до ресторану Каркандакі. Чим я мож...
2026-02-18 11:33:57,824 - src.stt.engine - INFO - Recognized: halo
2026-02-18 11:33:57,824 - __main__ - INFO - Processing: halo
2026-02-18 11:33:57,825 - src.nlp.processor - INFO - Processing query: halo
2026-02-18 11:33:57,825 - src.nlp.processor - INFO - No match found for: halo
2026-02-18 11:33:57,825 - src.tts.engine - INFO - Speaking: Przepraszam, nie rozumiem. Proszę zapytać obsługę....
2026-02-18 11:34:05,197 - src.stt.engine - INFO - Recognized: jakie ceny
2026-02-18 11:34:05,197 - __main__ - INFO - Processing: jakie ceny
2026-02-18 11:34:05,197 - src.nlp.processor - INFO - Processing query: jakie ceny
2026-02-18 11:34:05,198 - src.nlp.processor - INFO - No match found for: jakie ceny
2026-02-18 11:34:05,198 - src.tts.engine - INFO - Speaking: Przepraszam, nie rozumiem. Proszę zapytać obsługę....
2026-02-18 11:34:15,559 - src.stt.engine - INFO - Recognized: halo
2026-02-18 11:34:15,559 - __main__ - INFO - Processing: halo
2026-02-18 11:34:15,559 - src.nlp.processor - INFO - Processing query: halo
2026-02-18 11:34:15,560 - src.nlp.processor - INFO - No match found for: halo
2026-02-18 11:34:15,560 - src.tts.engine - INFO - Speaking: Przepraszam, nie rozumiem. Proszę zapytać obsługę....
2026-02-18 11:34:20,998 - __main__ - INFO - Received shutdown signal
2026-02-18 11:34:21,576 - src.tts.engine - INFO - TTS engine stopped
2026-02-18 11:34:21,576 - __main__ - INFO - AI Kiosk stopped
2026-02-18 11:34:21,576 - src.tts.engine - INFO - TTS engine stopped
2026-02-18 11:57:23,771 - __main__ - INFO - AI Kiosk initialized
2026-02-18 11:57:23,772 - __main__ - INFO - Initializing AI Kiosk components...
2026-02-18 11:57:24,371 - src.tts.engine - INFO - Found Polish voice: Zosia
2026-02-18 11:57:24,371 - src.tts.engine - INFO - Selected voice: Zosia
2026-02-18 11:57:24,372 - src.tts.engine - INFO - TTS Engine initialized with rate: 200
2026-02-18 11:57:24,537 - src.stt.engine - INFO - Calibrating microphone for ambient noise...
2026-02-18 11:57:25,648 - src.stt.engine - INFO - STT Engine initialized with google, language: pl-PL
2026-02-18 11:57:25,649 - src.nlp.processor - INFO - NLP Processor initialized with 4 menu items and 4 QA items
2026-02-18 11:57:25,649 - __main__ - INFO - All components initialized successfully
2026-02-18 11:57:25,649 - __main__ - INFO - AI Kiosk started - listening for voice input
2026-02-18 11:57:25,649 - src.tts.engine - INFO - Speaking (blocking): Ласкаво просимо до ресторану Каркандакі. Чим я мож...
2026-02-18 11:57:33,270 - src.stt.engine - INFO - Recognized: kropka
2026-02-18 11:57:33,270 - __main__ - INFO - Processing: kropka
2026-02-18 11:57:33,270 - src.nlp.processor - INFO - Processing query: kropka
2026-02-18 11:57:33,271 - src.nlp.processor - INFO - No match found for: kropka
2026-02-18 11:57:33,271 - src.tts.engine - INFO - Speaking: Przepraszam, nie rozumiem. Proszę zapytać obsługę....
2026-02-18 11:57:52,415 - src.stt.engine - INFO - Recognized: halo
2026-02-18 11:57:52,415 - __main__ - INFO - Processing: halo
2026-02-18 11:57:52,415 - src.nlp.processor - INFO - Processing query: halo
2026-02-18 11:57:52,416 - src.nlp.processor - INFO - No match found for: halo
2026-02-18 11:57:52,416 - src.tts.engine - INFO - Speaking: Przepraszam, nie rozumiem. Proszę zapytać obsługę....
2026-02-18 11:58:10,780 - __main__ - INFO - Received shutdown signal
2026-02-18 11:58:11,476 - src.tts.engine - INFO - TTS engine stopped
2026-02-18 11:58:11,476 - __main__ - INFO - AI Kiosk stopped
2026-02-18 11:58:11,476 - src.tts.engine - INFO - TTS engine stopped
2026-02-18 12:02:30,240 - __main__ - INFO - AI Kiosk initialized
2026-02-18 12:02:30,240 - __main__ - INFO - Initializing AI Kiosk components...
2026-02-18 12:02:30,824 - src.tts.engine - INFO - Found Polish voice: Zosia
2026-02-18 12:02:30,824 - src.tts.engine - INFO - Selected voice: Zosia
2026-02-18 12:02:30,824 - src.tts.engine - INFO - TTS Engine initialized with rate: 200
2026-02-18 12:02:30,959 - src.stt.engine - INFO - Calibrating microphone for ambient noise...
2026-02-18 12:02:32,073 - src.stt.engine - INFO - STT Engine initialized with google, language: pl-PL
2026-02-18 12:02:32,073 - src.nlp.processor - INFO - NLP Processor initialized with 4 menu items and 4 QA items
2026-02-18 12:02:32,074 - __main__ - INFO - All components initialized successfully
2026-02-18 12:02:32,074 - __main__ - INFO - AI Kiosk started - listening for voice input
2026-02-18 12:02:32,074 - src.tts.engine - INFO - Speaking (blocking): Ласкаво просимо до ресторану Каркандакі. Чим я мож...
2026-02-18 12:02:48,042 - src.stt.engine - INFO - Recognized: cześć
2026-02-18 12:02:48,042 - __main__ - INFO - Processing: cześć
2026-02-18 12:02:48,042 - src.nlp.processor - INFO - Processing query: cześć
2026-02-18 12:02:48,043 - src.nlp.processor - INFO - No match found for: cześć
2026-02-18 12:02:48,043 - src.tts.engine - INFO - Speaking: Przepraszam, nie rozumiem. Proszę zapytać obsługę....
2026-02-18 12:02:53,245 - __main__ - INFO - Received shutdown signal
2026-02-18 12:02:54,068 - src.tts.engine - INFO - TTS engine stopped
2026-02-18 12:02:54,068 - __main__ - INFO - AI Kiosk stopped
2026-02-18 12:02:54,069 - src.tts.engine - INFO - TTS engine stopped
2026-02-18 12:04:27,486 - __main__ - INFO - AI Kiosk initialized
2026-02-18 12:04:27,486 - __main__ - INFO - Initializing AI Kiosk components...
2026-02-18 12:04:28,083 - src.tts.engine - INFO - Found Polish voice: Zosia
2026-02-18 12:04:28,084 - src.tts.engine - INFO - Selected voice: Zosia
2026-02-18 12:04:28,084 - src.tts.engine - INFO - TTS Engine initialized with rate: 200
2026-02-18 12:04:28,219 - src.stt.engine - INFO - Calibrating microphone for ambient noise...
2026-02-18 12:04:29,336 - src.stt.engine - INFO - STT Engine initialized with google, language: pl-PL
2026-02-18 12:04:29,336 - src.nlp.processor - INFO - NLP Processor initialized with 4 menu items and 4 QA items
2026-02-18 12:04:29,337 - __main__ - INFO - All components initialized successfully
2026-02-18 12:04:29,337 - __main__ - INFO - AI Kiosk started - listening for voice input
2026-02-18 12:04:29,337 - src.tts.engine - INFO - Speaking (blocking): Ласкаво просимо до ресторану Каркандакі. Чим я мож...
2026-02-18 12:04:44,086 - src.stt.engine - INFO - Recognized: halo
2026-02-18 12:04:44,087 - __main__ - INFO - Processing: halo
2026-02-18 12:04:44,087 - src.nlp.processor - INFO - Processing query: halo
2026-02-18 12:04:44,087 - src.nlp.processor - INFO - No match found for: halo
2026-02-18 12:04:44,087 - src.tts.engine - INFO - Speaking: Przepraszam, nie rozumiem. Proszę zapytać obsługę....
2026-02-18 12:05:09,270 - __main__ - INFO - Received shutdown signal
2026-02-18 12:05:10,186 - src.tts.engine - INFO - TTS engine stopped
2026-02-18 12:05:10,186 - __main__ - INFO - AI Kiosk stopped
2026-02-18 12:05:10,187 - src.tts.engine - INFO - TTS engine stopped
2026-02-18 12:22:55,696 - src.main - INFO - AI Kiosk initialized
2026-02-18 12:22:55,696 - src.main - INFO - Initializing AI Kiosk components...
2026-02-18 12:22:56,301 - src.tts.engine - INFO - Found Polish voice: Zosia
2026-02-18 12:22:56,301 - src.tts.engine - INFO - Selected voice: Zosia
2026-02-18 12:22:56,302 - src.tts.engine - INFO - TTS Engine initialized with rate: 190
2026-02-18 12:22:56,974 - src.stt.engine - INFO - Calibrating microphone for ambient noise...
2026-02-18 12:22:58,091 - src.stt.engine - INFO - STT Engine initialized with google, language: pl-PL
2026-02-18 12:22:58,092 - src.nlp.processor - INFO - NLP Processor initialized with 4 menu items
2026-02-18 12:22:58,092 - src.main - INFO - All components initialized successfully
2026-02-18 12:22:58,092 - src.main - INFO - AI Kiosk started - listening for voice input
2026-02-18 12:22:58,092 - src.tts.engine - INFO - Speaking (blocking): Ласкаво просимо до ресторану Каркандакі. Чим я мож...
2026-02-18 12:23:05,650 - src.stt.engine - INFO - Recognized: halo
2026-02-18 12:23:05,651 - src.main - INFO - Processing: halo
2026-02-18 12:23:05,651 - src.nlp.processor - INFO - Processing query: halo
2026-02-18 12:23:05,651 - src.nlp.processor - INFO - No match found for: halo
2026-02-18 12:23:05,651 - src.tts.engine - INFO - Speaking: Przepraszam, nie rozumiem. Proszę zapytać obsługę....
2026-02-18 12:23:10,665 - src.stt.engine - INFO - Recognized: przepraszam Proszę zapytać Roksanę
2026-02-18 12:23:10,665 - src.main - INFO - Processing: przepraszam Proszę zapytać Roksanę
2026-02-18 12:23:10,666 - src.nlp.processor - INFO - Processing query: przepraszam Proszę zapytać Roksanę
2026-02-18 12:23:10,666 - src.nlp.processor - INFO - No match found for: przepraszam Proszę zapytać Roksanę
2026-02-18 12:23:10,666 - src.tts.engine - INFO - Speaking: Przepraszam, nie rozumiem. Proszę zapytać obsługę....
2026-02-18 12:23:14,196 - src.stt.engine - INFO - Recognized: przepraszam
2026-02-18 12:23:14,196 - src.main - INFO - Processing: przepraszam
2026-02-18 12:23:14,196 - src.nlp.processor - INFO - Processing query: przepraszam
2026-02-18 12:23:14,196 - src.nlp.processor - INFO - No match found for: przepraszam
2026-02-18 12:23:14,197 - src.tts.engine - INFO - Speaking: Przepraszam, nie rozumiem. Proszę zapytać obsługę....
2026-02-18 12:23:19,290 - src.stt.engine - INFO - Recognized: przepraszam Proszę zapytać jak salony
2026-02-18 12:23:19,291 - src.main - INFO - Processing: przepraszam Proszę zapytać jak salony
2026-02-18 12:23:19,291 - src.nlp.processor - INFO - Processing query: przepraszam Proszę zapytać jak salony
2026-02-18 12:23:19,291 - src.nlp.processor - INFO - No match found for: przepraszam Proszę zapytać jak salony
2026-02-18 12:23:19,291 - src.tts.engine - INFO - Speaking: Przepraszam, nie rozumiem. Proszę zapytać obsługę....
2026-02-18 12:23:22,175 - src.main - INFO - Received shutdown signal
2026-02-18 12:23:22,305 - src.tts.engine - INFO - TTS engine stopped
2026-02-18 12:23:22,305 - src.main - INFO - AI Kiosk stopped
2026-02-18 12:23:22,316 - src.tts.engine - INFO - TTS engine stopped
2026-02-18 12:29:10,464 - __main__ - INFO - AI Kiosk initialized
2026-02-18 12:29:10,464 - __main__ - INFO - Initializing AI Kiosk components...
2026-02-18 12:29:11,042 - src.tts.engine - INFO - Found Polish voice: Zosia
2026-02-18 12:29:11,042 - src.tts.engine - INFO - Selected voice: Zosia
2026-02-18 12:29:11,042 - src.tts.engine - INFO - TTS Engine initialized with rate: 190
2026-02-18 12:29:11,711 - src.stt.engine - INFO - Calibrating microphone for ambient noise...
2026-02-18 12:29:12,827 - src.stt.engine - INFO - STT Engine initialized with google, language: pl-PL
2026-02-18 12:29:12,828 - src.nlp.processor - INFO - NLP Processor initialized with 4 menu items
2026-02-18 12:29:12,828 - __main__ - INFO - All components initialized successfully
2026-02-18 12:29:12,828 - __main__ - INFO - AI Kiosk started - listening for voice input
2026-02-18 12:29:12,828 - src.tts.engine - INFO - Speaking (blocking): Ласкаво просимо до ресторану Каркандакі. Чим я мож...
2026-02-18 12:29:17,163 - src.stt.engine - INFO - Recognized: hello
2026-02-18 12:29:17,163 - __main__ - INFO - Processing: hello
2026-02-18 12:29:17,163 - src.nlp.processor - INFO - Processing query: hello
2026-02-18 12:29:17,163 - src.nlp.processor - INFO - No match found for: hello
2026-02-18 12:29:17,164 - src.tts.engine - INFO - Speaking: Przepraszam, nie rozumiem. Proszę zapytać obsługę....
2026-02-18 12:29:22,401 - src.stt.engine - INFO - Recognized: Przepraszam nie rozumiem Proszę zapytać o obsługę
2026-02-18 12:29:22,401 - __main__ - INFO - Processing: Przepraszam nie rozumiem Proszę zapytać o obsługę
2026-02-18 12:29:22,402 - src.nlp.processor - INFO - Processing query: Przepraszam nie rozumiem Proszę zapytać o obsługę
2026-02-18 12:29:22,402 - src.nlp.processor - INFO - Found dish match: Karkandak ormiański
2026-02-18 12:29:22,402 - src.tts.engine - INFO - Speaking: Karkandak ormiański – Klasyk! Cieniutkie ciasto na...
2026-02-18 12:29:28,665 - src.stt.engine - INFO - Recognized: ormiańskie klasyk cieniutkie ciasto nadziewane ziemniakami
2026-02-18 12:29:28,665 - __main__ - INFO - Processing: ormiańskie klasyk cieniutkie ciasto nadziewane ziemniakami
2026-02-18 12:29:28,665 - src.nlp.processor - INFO - Processing query: ormiańskie klasyk cieniutkie ciasto nadziewane ziemniakami
2026-02-18 12:29:28,665 - src.nlp.processor - INFO - No match found for: ormiańskie klasyk cieniutkie ciasto nadziewane ziemniakami
2026-02-18 12:29:28,666 - src.tts.engine - INFO - Speaking: Przepraszam, nie rozumiem. Proszę zapytać obsługę....
2026-02-18 12:29:35,099 - src.stt.engine - INFO - Recognized: cześć
2026-02-18 12:29:35,099 - __main__ - INFO - Processing: cześć
2026-02-18 12:29:35,099 - src.nlp.processor - INFO - Processing query: cześć
2026-02-18 12:29:35,099 - src.nlp.processor - INFO - No match found for: cześć
2026-02-18 12:29:35,100 - src.tts.engine - INFO - Speaking: Przepraszam, nie rozumiem. Proszę zapytać obsługę....
2026-02-18 12:29:37,636 - __main__ - INFO - Received shutdown signal
2026-02-18 12:29:38,109 - src.tts.engine - INFO - TTS engine stopped
2026-02-18 12:29:38,109 - __main__ - INFO - AI Kiosk stopped
2026-02-18 12:29:38,109 - src.tts.engine - INFO - TTS engine stopped
2026-02-18 12:34:46,862 - __main__ - INFO - AI Kiosk initialized
2026-02-18 12:34:46,862 - __main__ - INFO - Initializing AI Kiosk components...
2026-02-18 12:34:47,443 - src.tts.engine - INFO - Found Polish voice: Zosia
2026-02-18 12:34:47,443 - src.tts.engine - INFO - Selected voice: Zosia
2026-02-18 12:34:47,444 - src.tts.engine - INFO - TTS Engine initialized with rate: 190
2026-02-18 12:34:48,089 - src.stt.engine - INFO - Calibrating microphone for ambient noise...
2026-02-18 12:34:49,205 - src.stt.engine - INFO - STT Engine initialized with google, language: pl-PL
2026-02-18 12:34:49,205 - src.nlp.processor - INFO - NLP Processor initialized with 4 menu items
2026-02-18 12:34:49,205 - __main__ - INFO - All components initialized successfully
2026-02-18 12:34:49,206 - __main__ - INFO - AI Kiosk started - listening for voice input
2026-02-18 12:34:49,206 - src.tts.engine - INFO - Speaking (blocking): Ласкаво просимо до ресторану Каркандакі. Чим я мож...
2026-02-18 12:35:06,848 - src.stt.engine - INFO - Recognized: raz dwa trzy
2026-02-18 12:35:06,848 - __main__ - INFO - Processing: raz dwa trzy
2026-02-18 12:35:06,848 - src.nlp.processor - INFO - Processing query: raz dwa trzy
2026-02-18 12:35:06,848 - src.nlp.processor - INFO - No match found for: raz dwa trzy
2026-02-18 12:35:06,849 - src.tts.engine - INFO - Speaking: Przepraszam, nie rozumiem. Proszę zapytać obsługę....
2026-02-18 12:35:11,437 - __main__ - INFO - Received shutdown signal
2026-02-18 12:35:11,866 - src.tts.engine - INFO - TTS engine stopped
2026-02-18 12:35:11,866 - __main__ - INFO - AI Kiosk stopped
2026-02-18 12:35:11,866 - src.tts.engine - INFO - TTS engine stopped
2026-02-18 12:54:30,184 - __main__ - INFO - AI Kiosk initialized
2026-02-18 12:54:30,184 - __main__ - INFO - Initializing AI Kiosk components...
2026-02-18 12:54:30,767 - src.tts.engine - INFO - Found Polish voice: Zosia
2026-02-18 12:54:30,767 - src.tts.engine - INFO - Selected voice: Zosia
2026-02-18 12:54:30,767 - src.tts.engine - INFO - TTS Engine initialized with rate: 190
2026-02-18 12:54:31,465 - src.stt.engine - INFO - Calibrating microphone for ambient noise...
2026-02-18 12:54:32,583 - src.stt.engine - INFO - STT Engine initialized with google, language: pl-PL
2026-02-18 12:54:32,584 - src.nlp.processor - INFO - NLP Processor initialized with 4 menu items
2026-02-18 12:54:32,584 - __main__ - INFO - All components initialized successfully
2026-02-18 12:54:32,584 - __main__ - INFO - AI Kiosk started - listening for voice input
2026-02-18 12:54:32,584 - src.tts.engine - INFO - Speaking (blocking): Ласкаво просимо до ресторану Каркандакі. Чим я мож...
2026-02-18 12:55:16,486 - __main__ - INFO - Received shutdown signal
2026-02-18 12:55:16,910 - src.tts.engine - INFO - TTS engine stopped
2026-02-18 12:55:16,910 - __main__ - INFO - AI Kiosk stopped
2026-02-18 12:55:16,911 - src.tts.engine - INFO - TTS engine stopped
2026-02-18 12:57:01,498 - __main__ - INFO - AI Kiosk initialized
2026-02-18 12:57:01,498 - __main__ - INFO - Initializing AI Kiosk components...
2026-02-18 12:57:02,077 - src.tts.engine - INFO - Found Polish voice: Zosia
2026-02-18 12:57:02,077 - src.tts.engine - INFO - Selected voice: Zosia
2026-02-18 12:57:02,077 - src.tts.engine - INFO - TTS Engine initialized with rate: 190
2026-02-18 12:57:02,751 - src.stt.engine - INFO - Calibrating microphone for ambient noise...
2026-02-18 12:57:03,863 - src.stt.engine - INFO - STT Engine initialized with google, language: pl-PL
2026-02-18 12:57:03,864 - src.nlp.processor - INFO - NLP Processor initialized with 4 menu items
2026-02-18 12:57:03,864 - __main__ - INFO - All components initialized successfully
2026-02-18 12:57:03,864 - __main__ - INFO - AI Kiosk started - listening for voice input
2026-02-18 12:57:03,864 - src.tts.engine - INFO - Speaking (blocking): Ласкаво просимо до ресторану Каркандакі. Чим я мож...
2026-02-18 12:57:26,558 - src.stt.engine - INFO - Recognized: halo
2026-02-18 12:57:26,559 - __main__ - INFO - Processing: halo
2026-02-18 12:57:26,559 - src.nlp.processor - INFO - Processing query: halo
2026-02-18 12:57:26,560 - src.nlp.processor - INFO - No match found for: halo
2026-02-18 12:57:26,560 - src.tts.engine - INFO - Speaking: Przepraszam, nie rozumiem. Proszę zapytać obsługę....
2026-02-18 12:57:31,371 - src.stt.engine - INFO - Recognized: Przepraszam nie rozumiem Proszę zapytać obsługę
2026-02-18 12:57:31,372 - __main__ - INFO - Processing: Przepraszam nie rozumiem Proszę zapytać obsługę
2026-02-18 12:57:31,372 - src.nlp.processor - INFO - Processing query: Przepraszam nie rozumiem Proszę zapytać obsługę
2026-02-18 12:57:31,372 - src.nlp.processor - INFO - No match found for: Przepraszam nie rozumiem Proszę zapytać obsługę
2026-02-18 12:57:31,372 - src.tts.engine - INFO - Speaking: Przepraszam, nie rozumiem. Proszę zapytać obsługę....
2026-02-18 12:58:39,459 - __main__ - INFO - Received shutdown signal
2026-02-18 12:58:39,573 - src.tts.engine - INFO - TTS engine stopped
2026-02-18 12:58:39,573 - __main__ - INFO - AI Kiosk stopped
2026-02-18 12:58:39,573 - src.tts.engine - INFO - TTS engine stopped
2026-02-18 13:00:51,903 - __main__ - INFO - AI Kiosk initialized
2026-02-18 13:00:51,903 - __main__ - INFO - Initializing AI Kiosk components...
2026-02-18 13:00:52,477 - src.tts.engine - INFO - Found Polish voice: Zosia
2026-02-18 13:00:52,477 - src.tts.engine - INFO - Selected voice: Zosia
2026-02-18 13:00:52,478 - src.tts.engine - INFO - TTS Engine initialized with rate: 190
2026-02-18 13:00:52,668 - src.stt.engine - INFO - Calibrating microphone for ambient noise...
2026-02-18 13:00:53,784 - src.stt.engine - INFO - STT Engine initialized with google, language: pl-PL
2026-02-18 13:00:53,785 - src.nlp.processor - INFO - NLP Processor initialized with 4 menu items
2026-02-18 13:00:53,785 - __main__ - INFO - All components initialized successfully
2026-02-18 13:00:53,785 - __main__ - INFO - AI Kiosk started - listening for voice input
2026-02-18 13:00:53,785 - src.tts.engine - INFO - Speaking (blocking): Ласкаво просимо до ресторану Каркандакі. Чим я мож...
2026-02-18 13:01:05,489 - src.stt.engine - INFO - Recognized: cześć
2026-02-18 13:01:05,491 - __main__ - INFO - Processing: cześć
2026-02-18 13:01:05,491 - src.nlp.processor - INFO - Processing query: cześć
2026-02-18 13:01:05,491 - src.nlp.processor - INFO - No match found for: cześć
2026-02-18 13:01:05,492 - src.tts.engine - INFO - Speaking: Przepraszam, nie rozumiem. Proszę zapytać obsługę....
2026-02-18 13:01:18,290 - src.stt.engine - INFO - Recognized: carcan Duck
2026-02-18 13:01:18,291 - __main__ - INFO - Processing: carcan Duck
2026-02-18 13:01:18,291 - src.nlp.processor - INFO - Processing query: carcan Duck
2026-02-18 13:01:18,291 - src.nlp.processor - INFO - No match found for: carcan Duck
2026-02-18 13:01:18,291 - src.tts.engine - INFO - Speaking: Przepraszam, nie rozumiem. Proszę zapytać obsługę....
2026-02-18 13:01:30,578 - src.stt.engine - INFO - Recognized: cześć
2026-02-18 13:01:30,579 - __main__ - INFO - Processing: cześć
2026-02-18 13:01:30,579 - src.nlp.processor - INFO - Processing query: cześć
2026-02-18 13:01:30,579 - src.nlp.processor - INFO - No match found for: cześć
2026-02-18 13:01:30,579 - src.tts.engine - INFO - Speaking: Przepraszam, nie rozumiem. Proszę zapytać obsługę....
2026-02-18 13:01:40,605 - src.stt.engine - INFO - Recognized: halo
2026-02-18 13:01:40,606 - __main__ - INFO - Processing: halo
2026-02-18 13:01:40,606 - src.nlp.processor - INFO - Processing query: halo
2026-02-18 13:01:40,606 - src.nlp.processor - INFO - No match found for: halo
2026-02-18 13:01:40,606 - src.tts.engine - INFO - Speaking: Przepraszam, nie rozumiem. Proszę zapytać obsługę....
2026-02-18 13:01:47,568 - src.stt.engine - INFO - Recognized: jakie ceny
2026-02-18 13:01:47,568 - __main__ - INFO - Processing: jakie ceny
2026-02-18 13:01:47,568 - src.nlp.processor - INFO - Processing query: jakie ceny
2026-02-18 13:01:47,568 - src.nlp.processor - INFO - No match found for: jakie ceny
2026-02-18 13:01:47,569 - src.tts.engine - INFO - Speaking: Przepraszam, nie rozumiem. Proszę zapytać obsługę....
2026-02-18 13:01:53,457 - src.stt.engine - INFO - Recognized: jakie są ceny
2026-02-18 13:01:53,458 - __main__ - INFO - Processing: jakie są ceny
2026-02-18 13:01:53,458 - src.nlp.processor - INFO - Processing query: jakie są ceny
2026-02-18 13:01:53,458 - src.nlp.processor - INFO - No match found for: jakie są ceny
2026-02-18 13:01:53,458 - src.tts.engine - INFO - Speaking: Przepraszam, nie rozumiem. Proszę zapytać obsługę....
2026-02-18 13:02:11,479 - __main__ - INFO - Received shutdown signal
2026-02-18 13:02:11,507 - src.tts.engine - INFO - TTS engine stopped
2026-02-18 13:02:11,507 - __main__ - INFO - AI Kiosk stopped
2026-02-18 13:02:11,507 - src.tts.engine - INFO - TTS engine stopped
2026-02-18 13:17:19,064 - __main__ - INFO - AI Kiosk initialized
2026-02-18 13:17:19,064 - __main__ - INFO - Initializing AI Kiosk components...
2026-02-18 13:17:19,658 - src.tts.engine - INFO - Found Polish voice: Zosia
2026-02-18 13:17:19,659 - src.tts.engine - INFO - Selected voice: Zosia
2026-02-18 13:17:19,659 - src.tts.engine - INFO - TTS Engine initialized with rate: 190
2026-02-18 13:17:20,309 - src.stt.engine - INFO - Calibrating microphone for ambient noise...
2026-02-18 13:17:21,420 - src.stt.engine - INFO - STT Engine initialized with google, language: pl-PL
2026-02-18 13:17:21,420 - src.nlp.processor - INFO - NLP Processor initialized
2026-02-18 13:17:21,420 - __main__ - INFO - All components initialized successfully
2026-02-18 13:17:21,420 - __main__ - INFO - AI Kiosk started - listening for voice input
2026-02-18 13:17:21,420 - src.tts.engine - INFO - Speaking (blocking): Ласкаво просимо до ресторану Каркандакі. Чим я мож...
2026-02-18 13:18:13,013 - __main__ - INFO - Received shutdown signal
2026-02-18 13:18:13,824 - src.tts.engine - INFO - TTS engine stopped
2026-02-18 13:18:13,824 - __main__ - INFO - AI Kiosk stopped
2026-02-18 13:18:13,824 - src.tts.engine - INFO - TTS engine stopped
2026-02-18 13:25:57,163 - __main__ - INFO - AI Kiosk initialized
2026-02-18 13:25:57,163 - __main__ - INFO - Initializing AI Kiosk components...
2026-02-18 13:25:57,758 - src.tts.engine - INFO - Selected voice: Zosia
2026-02-18 13:25:57,758 - src.tts.engine - INFO - TTS Engine initialized with rate: 170
2026-02-18 13:25:58,405 - src.stt.engine - INFO - Calibrating microphone for ambient noise...
2026-02-18 13:25:59,521 - src.stt.engine - INFO - STT Engine initialized with google, language: pl-PL
2026-02-18 13:25:59,521 - src.nlp.processor - INFO - NLP Processor initialized
2026-02-18 13:25:59,521 - __main__ - INFO - All components initialized successfully
2026-02-18 13:25:59,521 - __main__ - INFO - AI Kiosk started - listening for voice input
2026-02-18 13:25:59,521 - src.tts.engine - INFO - Speaking (blocking): Ласкаво просимо до ресторану Каркандакі... ... ......
2026-02-18 13:26:08,098 - src.stt.engine - INFO - Recognized: halo
2026-02-18 13:26:08,099 - __main__ - INFO - Processing: halo
2026-02-18 13:26:08,099 - src.nlp.processor - INFO - Processing: halo
2026-02-18 13:26:08,099 - src.nlp.processor - INFO - No match for: halo
2026-02-18 13:26:08,099 - src.tts.engine - INFO - Speaking: Przepraszam,  nie rozumiem... ... ...   Proszę zap...
2026-02-18 13:26:17,571 - src.stt.engine - INFO - Recognized: halo
2026-02-18 13:26:17,572 - __main__ - INFO - Processing: halo
2026-02-18 13:26:17,572 - src.nlp.processor - INFO - Processing: halo
2026-02-18 13:26:17,576 - src.nlp.processor - INFO - No match for: halo
2026-02-18 13:26:17,581 - src.tts.engine - INFO - Speaking: Przepraszam,  nie rozumiem... ... ...   Proszę zap...
2026-02-18 13:26:20,951 - src.stt.engine - INFO - Recognized: Proszę zapytać obsługę
2026-02-18 13:26:20,952 - __main__ - INFO - Processing: Proszę zapytać obsługę
2026-02-18 13:26:20,952 - src.nlp.processor - INFO - Processing: proszę zapytać obsługę
2026-02-18 13:26:20,952 - src.nlp.processor - INFO - No match for: proszę zapytać obsługę
2026-02-18 13:26:20,952 - src.tts.engine - INFO - Speaking: Przepraszam,  nie rozumiem... ... ...   Proszę zap...
2026-02-18 13:26:24,493 - src.stt.engine - INFO - Recognized: Proszę zapytać obsługę
2026-02-18 13:26:24,494 - __main__ - INFO - Processing: Proszę zapytać obsługę
2026-02-18 13:26:24,494 - src.nlp.processor - INFO - Processing: proszę zapytać obsługę
2026-02-18 13:26:24,494 - src.nlp.processor - INFO - No match for: proszę zapytać obsługę
2026-02-18 13:26:24,494 - src.tts.engine - INFO - Speaking: Przepraszam,  nie rozumiem... ... ...   Proszę zap...
2026-02-18 13:26:28,100 - src.stt.engine - INFO - Recognized: Proszę zapytać obsługę
2026-02-18 13:26:28,100 - __main__ - INFO - Processing: Proszę zapytać obsługę
2026-02-18 13:26:28,101 - src.nlp.processor - INFO - Processing: proszę zapytać obsługę
2026-02-18 13:26:28,101 - src.nlp.processor - INFO - No match for: proszę zapytać obsługę
2026-02-18 13:26:28,101 - src.tts.engine - INFO - Speaking: Przepraszam,  nie rozumiem... ... ...   Proszę zap...
2026-02-18 13:26:31,600 - src.stt.engine - INFO - Recognized: Proszę zapytać obsługę
2026-02-18 13:26:31,601 - __main__ - INFO - Processing: Proszę zapytać obsługę
2026-02-18 13:26:31,601 - src.nlp.processor - INFO - Processing: proszę zapytać obsługę
2026-02-18 13:26:31,601 - src.nlp.processor - INFO - No match for: proszę zapytać obsługę
2026-02-18 13:26:31,601 - src.tts.engine - INFO - Speaking: Przepraszam,  nie rozumiem... ... ...   Proszę zap...
2026-02-18 13:26:44,778 - __main__ - INFO - Received shutdown signal
2026-02-18 13:26:45,267 - src.tts.engine - INFO - TTS engine stopped
2026-02-18 13:26:45,268 - __main__ - INFO - AI Kiosk stopped
2026-02-18 13:26:45,268 - src.tts.engine - INFO - TTS engine stopped
2026-02-18 14:02:36,529 - __main__ - INFO - AI Kiosk initialized
2026-02-18 14:02:36,529 - __main__ - INFO - Initializing AI Kiosk components...
2026-02-18 14:02:37,128 - src.tts.engine - INFO - Selected voice: Zosia
2026-02-18 14:02:37,128 - src.tts.engine - INFO - TTS Engine initialized with rate: 170
2026-02-18 14:02:37,779 - src.stt.engine - INFO - Calibrating microphone for ambient noise...
2026-02-18 14:02:38,891 - src.stt.engine - INFO - STT Engine initialized with google, language: pl-PL
2026-02-18 14:02:38,892 - src.nlp.processor - INFO - NLP Processor initialized
2026-02-18 14:02:38,892 - __main__ - INFO - All components initialized successfully
2026-02-18 14:02:38,892 - __main__ - INFO - AI Kiosk started - listening for voice input
2026-02-18 14:02:38,892 - src.tts.engine - INFO - Speaking (blocking): Ласкаво просимо до ресторану Каркандакі... ... ......
2026-02-18 14:02:50,674 - src.stt.engine - INFO - Recognized: How are you
2026-02-18 14:02:50,674 - __main__ - INFO - Processing: How are you
2026-02-18 14:02:50,675 - src.nlp.processor - INFO - Processing: how are you
2026-02-18 14:02:50,675 - src.nlp.processor - INFO - No match for: how are you
2026-02-18 14:02:50,675 - src.tts.engine - INFO - Speaking: Przepraszam,  nie rozumiem... ... ...   Proszę zap...
2026-02-18 14:02:56,460 - src.stt.engine - INFO - Recognized: How are you
2026-02-18 14:02:56,461 - __main__ - INFO - Processing: How are you
2026-02-18 14:02:56,461 - src.nlp.processor - INFO - Processing: how are you
2026-02-18 14:02:56,461 - src.nlp.processor - INFO - No match for: how are you
2026-02-18 14:02:56,461 - src.tts.engine - INFO - Speaking: Przepraszam,  nie rozumiem... ... ...   Proszę zap...
2026-02-18 14:02:59,834 - src.stt.engine - INFO - Recognized: Proszę zapytać obsługę
2026-02-18 14:02:59,835 - __main__ - INFO - Processing: Proszę zapytać obsługę
2026-02-18 14:02:59,835 - src.nlp.processor - INFO - Processing: proszę zapytać obsługę
2026-02-18 14:02:59,835 - src.nlp.processor - INFO - No match for: proszę zapytać obsługę
2026-02-18 14:02:59,835 - src.tts.engine - INFO - Speaking: Przepraszam,  nie rozumiem... ... ...   Proszę zap...
2026-02-18 14:03:07,358 - src.stt.engine - INFO - Recognized: Przepraszam zapytać o obsługę
2026-02-18 14:03:07,359 - __main__ - INFO - Processing: Przepraszam zapytać o obsługę
2026-02-18 14:03:07,359 - src.nlp.processor - INFO - Processing: przepraszam zapytać o obsługę
2026-02-18 14:03:07,359 - src.nlp.processor - INFO - No match for: przepraszam zapytać o obsługę
2026-02-18 14:03:07,359 - src.tts.engine - INFO - Speaking: Przepraszam,  nie rozumiem... ... ...   Proszę zap...
2026-02-18 14:03:11,038 - src.stt.engine - INFO - Recognized: przeprosisz zapytać o obsługę
2026-02-18 14:03:11,039 - __main__ - INFO - Processing: przeprosisz zapytać o obsługę
2026-02-18 14:03:11,039 - src.nlp.processor - INFO - Processing: przeprosisz zapytać o obsługę
2026-02-18 14:03:11,039 - src.nlp.processor - INFO - No match for: przeprosisz zapytać o obsługę
2026-02-18 14:03:11,039 - src.tts.engine - INFO - Speaking: Przepraszam,  nie rozumiem... ... ...   Proszę zap...
2026-02-18 14:03:14,662 - src.stt.engine - INFO - Recognized: Proszę zapytać obsługę
2026-02-18 14:03:14,663 - __main__ - INFO - Processing: Proszę zapytać obsługę
2026-02-18 14:03:14,663 - src.nlp.processor - INFO - Processing: proszę zapytać obsługę
2026-02-18 14:03:14,663 - src.nlp.processor - INFO - No match for: proszę zapytać obsługę
2026-02-18 14:03:14,663 - src.tts.engine - INFO - Speaking: Przepraszam,  nie rozumiem... ... ...   Proszę zap...
2026-02-18 14:03:35,970 - __main__ - INFO - Received shutdown signal
2026-02-18 14:03:36,354 - src.tts.engine - INFO - TTS engine stopped
2026-02-18 14:03:36,354 - __main__ - INFO - AI Kiosk stopped
2026-02-18 14:03:36,354 - src.tts.engine - INFO - TTS engine stopped
2026-02-18 14:07:16,858 - __main__ - INFO - AI Kiosk initialized
2026-02-18 14:07:16,858 - __main__ - INFO - Initializing AI Kiosk components...
2026-02-18 14:07:17,498 - src.tts.engine - INFO - Selected voice: Zosia
2026-02-18 14:07:17,498 - src.tts.engine - INFO - TTS Engine initialized with rate: 170
2026-02-18 14:07:18,173 - src.stt.engine - INFO - Calibrating microphone for ambient noise...
2026-02-18 14:07:19,290 - src.stt.engine - INFO - STT Engine initialized with google, language: pl-PL
2026-02-18 14:07:19,291 - src.nlp.processor - INFO - NLP Processor gotowy do naturalnej rozmowy
2026-02-18 14:07:19,291 - __main__ - INFO - All components initialized successfully
2026-02-18 14:07:19,291 - __main__ - INFO - AI Kiosk started - listening for voice input
2026-02-18 14:07:19,291 - src.tts.engine - INFO - Speaking (blocking): Ласкаво просимо до ресторану Каркандакі... ... ......
2026-02-18 14:07:29,090 - src.stt.engine - INFO - Recognized: halo
2026-02-18 14:07:29,090 - __main__ - INFO - Processing: halo
2026-02-18 14:07:29,090 - src.nlp.processor - INFO - 🤔 Rozmówca: halo
2026-02-18 14:07:29,091 - src.nlp.processor - INFO - Nie zrozumiałem: halo
2026-02-18 14:07:29,091 - src.tts.engine - INFO - Speaking: Hmm,  nie jestem pewien czy dobrze zrozumiałem... ...
2026-02-18 14:07:42,342 - src.stt.engine - INFO - Recognized: halo
2026-02-18 14:07:42,343 - __main__ - INFO - Processing: halo
2026-02-18 14:07:42,343 - src.nlp.processor - INFO - 🤔 Rozmówca: halo
2026-02-18 14:07:42,343 - src.nlp.processor - INFO - Nie zrozumiałem: halo
2026-02-18 14:07:42,344 - src.tts.engine - INFO - Speaking: Hmm,  nie jestem pewien czy dobrze zrozumiałem... ...
2026-02-18 14:08:03,330 - __main__ - INFO - Received shutdown signal
2026-02-18 14:08:03,356 - src.tts.engine - INFO - TTS engine stopped
2026-02-18 14:08:03,356 - __main__ - INFO - AI Kiosk stopped
2026-02-18 14:08:03,356 - src.tts.engine - INFO - TTS engine stopped
